TN:
SF:D:\CodeProjects\bibtex2text\bibtexparser\__init__.py
DA:1,1
LF:1
LH:1
end_of_record
TN:
SF:D:\CodeProjects\bibtex2text\bibtexparser\parser\__init__.py
DA:1,1
DA:3,1
LF:2
LH:2
end_of_record
TN:
SF:D:\CodeProjects\bibtex2text\bibtexparser\parser\bibtexparser.py
DA:1,1
DA:2,1
DA:3,1
DA:4,1
DA:5,1
DA:8,1
DA:11,1
DA:12,1
DA:17,1
DA:18,1
DA:19,1
DA:20,1
DA:22,1
DA:23,1
DA:24,1
DA:25,1
DA:27,1
DA:28,1
DA:30,1
DA:31,1
DA:32,1
DA:34,1
DA:35,1
DA:36,1
DA:38,1
DA:41,1
DA:42,1
DA:43,1
DA:44,1
DA:46,1
DA:47,0
DA:49,1
DA:50,1
DA:51,1
DA:53,1
DA:56,1
DA:57,1
DA:58,1
DA:59,1
DA:60,1
DA:63,1
DA:64,1
DA:65,1
DA:66,1
DA:67,1
DA:69,1
DA:70,1
DA:74,1
DA:78,1
DA:80,1
DA:82,1
DA:83,1
DA:84,1
DA:85,1
DA:89,1
DA:90,1
DA:91,1
DA:92,1
DA:93,1
DA:95,1
DA:96,1
DA:100,1
DA:101,1
DA:103,1
DA:104,0
DA:105,0
DA:106,0
DA:107,0
DA:111,0
DA:114,1
DA:115,1
DA:116,1
DA:117,0
DA:118,0
DA:120,1
DA:121,1
DA:122,1
DA:123,1
DA:124,1
DA:126,1
DA:127,1
DA:128,1
DA:129,0
DA:130,0
DA:133,1
DA:134,1
DA:135,1
DA:139,1
DA:141,1
DA:142,1
DA:143,1
DA:144,1
DA:145,1
DA:147,1
DA:148,1
DA:149,1
DA:150,0
DA:151,0
DA:155,1
DA:158,1
DA:184,1
DA:194,1
DA:196,1
DA:197,0
DA:198,0
DA:199,0
DA:201,1
DA:202,1
DA:203,1
DA:204,1
DA:206,1
DA:208,1
DA:209,1
DA:212,1
DA:214,1
DA:216,1
DA:218,1
DA:219,1
DA:220,1
DA:221,1
DA:223,1
DA:225,1
DA:227,1
DA:232,1
DA:233,1
DA:234,1
DA:236,0
DA:239,1
DA:240,1
DA:242,1
DA:245,1
DA:246,1
DA:247,1
DA:251,1
DA:252,1
DA:254,0
DA:256,1
DA:257,1
DA:258,1
DA:259,1
DA:260,1
DA:263,1
DA:264,1
DA:265,1
DA:266,1
DA:267,1
DA:268,1
DA:270,1
DA:271,0
DA:272,0
DA:275,1
DA:276,1
DA:278,1
DA:279,1
DA:280,1
DA:281,1
DA:285,1
DA:286,1
DA:287,1
DA:288,1
DA:290,1
DA:291,1
DA:292,1
DA:294,1
DA:295,1
DA:296,1
DA:297,1
DA:299,1
DA:300,1
DA:301,1
DA:305,1
DA:308,1
DA:312,1
DA:314,1
DA:317,1
DA:318,1
DA:321,1
DA:324,1
DA:325,1
DA:326,1
DA:327,1
DA:328,1
DA:329,1
DA:330,1
DA:332,0
DA:334,1
DA:336,1
DA:337,1
DA:338,1
DA:339,1
DA:340,1
DA:343,1
DA:345,1
DA:346,1
DA:347,1
DA:348,1
DA:349,1
DA:351,1
DA:352,1
DA:353,1
DA:354,1
DA:355,1
DA:357,0
DA:359,1
DA:360,1
DA:362,1
DA:364,1
DA:366,1
DA:367,1
DA:368,1
DA:369,1
DA:371,1
DA:372,1
DA:375,1
DA:381,1
DA:382,1
DA:383,1
DA:384,1
DA:386,1
DA:387,0
DA:392,1
DA:393,1
DA:396,1
DA:397,1
DA:398,1
DA:401,1
DA:402,1
DA:404,1
DA:405,1
DA:407,1
DA:408,1
DA:409,1
DA:410,0
DA:411,0
DA:413,0
DA:417,1
DA:418,1
DA:422,1
DA:423,1
DA:424,1
DA:425,0
DA:426,1
DA:427,1
DA:429,0
DA:430,1
DA:431,1
DA:434,0
DA:435,0
DA:436,0
DA:437,0
DA:438,0
DA:439,0
DA:440,0
DA:441,0
DA:442,0
DA:443,1
DA:444,1
DA:447,1
DA:451,0
DA:453,1
DA:454,1
DA:456,1
DA:457,1
DA:459,1
DA:460,1
DA:461,0
DA:462,0
DA:463,0
DA:464,0
DA:465,0
DA:466,0
DA:467,0
DA:468,0
DA:470,1
DA:471,1
DA:472,1
DA:474,1
DA:477,1
DA:480,1
DA:481,1
DA:482,1
DA:483,1
DA:484,1
DA:485,1
DA:487,0
DA:488,0
DA:489,0
DA:490,0
DA:491,0
DA:492,0
DA:493,0
DA:495,1
LF:292
LH:240
end_of_record
TN:
SF:D:\CodeProjects\bibtex2text\bibtexparser\parser\utils.py
DA:1,1
DA:2,1
DA:5,1
DA:63,1
DA:68,1
DA:72,1
DA:74,1
DA:75,1
DA:79,1
DA:80,1
DA:82,1
DA:83,1
DA:85,1
DA:86,1
DA:89,1
DA:90,1
DA:91,1
DA:93,1
DA:94,0
DA:96,1
DA:97,0
DA:100,1
DA:102,1
DA:103,1
DA:105,1
DA:106,1
DA:109,1
DA:110,1
DA:112,1
DA:115,1
DA:116,1
DA:117,1
DA:118,1
DA:119,1
DA:120,1
LF:35
LH:33
end_of_record
TN:
SF:D:\CodeProjects\bibtex2text\bibtexparser\test\__init__.py
LF:0
LH:0
end_of_record
TN:
SF:D:\CodeProjects\bibtex2text\bibtexparser\test\test.py
DA:1,1
DA:2,1
DA:3,1
DA:4,1
DA:6,1
DA:7,1
DA:9,1
DA:12,1
DA:13,1
DA:14,1
DA:15,1
DA:16,1
DA:19,1
DA:21,1
DA:24,1
DA:25,1
DA:26,1
DA:27,1
DA:28,1
DA:30,1
DA:32,1
DA:34,1
DA:37,1
DA:39,1
DA:41,1
DA:43,1
DA:47,1
DA:48,1
DA:49,1
DA:50,1
DA:52,1
DA:54,1
DA:56,1
DA:57,1
DA:62,1
DA:63,1
DA:64,1
DA:66,1
DA:68,1
DA:70,1
DA:71,1
DA:73,1
DA:74,1
DA:75,1
DA:77,1
DA:79,1
DA:81,1
DA:82,1
DA:83,1
DA:84,1
DA:85,1
DA:86,1
DA:88,1
DA:91,1
DA:92,1
DA:93,1
DA:94,1
DA:95,1
DA:97,1
DA:99,1
DA:100,1
DA:101,1
DA:102,1
DA:105,1
DA:106,1
DA:107,1
DA:108,1
DA:111,1
DA:112,1
DA:113,1
DA:114,1
DA:117,1
DA:118,1
DA:119,1
DA:120,1
LF:75
LH:75
end_of_record
TN:
SF:D:\CodeProjects\bibtex2text\bibtexparser\test\test_outputs.py
DA:1,1
DA:157,1
DA:160,1
DA:163,1
LF:4
LH:4
end_of_record
